<?xml version="1.0" encoding="utf-8"?><testsuites name="pytest tests"><testsuite name="pytest" errors="0" failures="0" skipped="0" tests="12" time="2.250" timestamp="2026-03-05T21:59:20.637361+00:00" hostname="agent-env-81c6922b-22fa-4b42-b547-7e28907e259c"><testcase classname="backend.tests.test_publications.TestPublicationsPublicEndpoints" name="test_get_all_publications" time="0.165" /><testcase classname="backend.tests.test_publications.TestPublicationsPublicEndpoints" name="test_get_publications_filter_by_tag" time="0.164" /><testcase classname="backend.tests.test_publications.TestPublicationsPublicEndpoints" name="test_get_publications_filter_nonexistent_tag" time="0.106" /><testcase classname="backend.tests.test_publications.TestPublicationsPublicEndpoints" name="test_get_single_publication" time="0.349" /><testcase classname="backend.tests.test_publications.TestPublicationsPublicEndpoints" name="test_get_single_publication_not_found" time="0.166" /><testcase classname="backend.tests.test_publications.TestPublicationsPublicEndpoints" name="test_get_all_tags" time="0.129" /><testcase classname="backend.tests.test_publications.TestPublicationsAdminEndpoints" name="test_create_publication_unauthorized" time="0.112" /><testcase classname="backend.tests.test_publications.TestPublicationsAdminEndpoints" name="test_update_publication_unauthorized" time="0.133" /><testcase classname="backend.tests.test_publications.TestPublicationsAdminEndpoints" name="test_delete_publication_unauthorized" time="0.260" /><testcase classname="backend.tests.test_publications.TestPublicationDataValidation" name="test_publication_has_required_fields" time="0.140" /><testcase classname="backend.tests.test_publications.TestPublicationDataValidation" name="test_publications_sorted_by_date" time="0.106" /><testcase classname="backend.tests.test_publications.TestPublicationDataValidation" name="test_seed_publications_exist" time="0.350" /></testsuite></testsuites>