<?xml version="1.0" encoding="utf-8"?><testsuites name="pytest tests"><testsuite name="pytest" errors="0" failures="0" skipped="0" tests="21" time="3.794" timestamp="2026-02-25T19:02:09.033173+00:00" hostname="agent-env-9a165477-7b95-44a5-8d21-eeff8174f181"><testcase classname="backend.tests.test_publications_bookings.TestHealth" name="test_health_endpoint" time="0.192" /><testcase classname="backend.tests.test_publications_bookings.TestPublicationsGet" name="test_get_publications_returns_list" time="0.086" /><testcase classname="backend.tests.test_publications_bookings.TestPublicationsGet" name="test_get_publications_has_seeded_data" time="0.124" /><testcase classname="backend.tests.test_publications_bookings.TestPublicationsGet" name="test_publications_have_required_fields" time="0.078" /><testcase classname="backend.tests.test_publications_bookings.TestPublicationsCRUD" name="test_create_publication_success" time="0.129" /><testcase classname="backend.tests.test_publications_bookings.TestPublicationsCRUD" name="test_create_and_verify_persistence" time="0.187" /><testcase classname="backend.tests.test_publications_bookings.TestPublicationsCRUD" name="test_update_publication_success" time="0.132" /><testcase classname="backend.tests.test_publications_bookings.TestPublicationsCRUD" name="test_update_nonexistent_returns_404" time="0.073" /><testcase classname="backend.tests.test_publications_bookings.TestPublicationsCRUD" name="test_delete_publication_success" time="0.334" /><testcase classname="backend.tests.test_publications_bookings.TestPublicationsCRUD" name="test_delete_nonexistent_returns_404" time="0.189" /><testcase classname="backend.tests.test_publications_bookings.TestBookingsGet" name="test_get_bookings_returns_list" time="0.068" /><testcase classname="backend.tests.test_publications_bookings.TestBookingsGet" name="test_get_booked_slots_returns_list" time="0.083" /><testcase classname="backend.tests.test_publications_bookings.TestBookingsCRUD" name="test_create_booking_success" time="0.072" /><testcase classname="backend.tests.test_publications_bookings.TestBookingsCRUD" name="test_create_booking_and_verify_persistence" time="0.134" /><testcase classname="backend.tests.test_publications_bookings.TestBookingsCRUD" name="test_update_booking_status_to_confirmed" time="0.114" /><testcase classname="backend.tests.test_publications_bookings.TestBookingsCRUD" name="test_update_booking_status_to_cancelled" time="0.152" /><testcase classname="backend.tests.test_publications_bookings.TestBookingsCRUD" name="test_update_booking_invalid_status_returns_400" time="0.129" /><testcase classname="backend.tests.test_publications_bookings.TestBookingsCRUD" name="test_update_nonexistent_booking_returns_404" time="0.063" /><testcase classname="backend.tests.test_publications_bookings.TestBookingsCRUD" name="test_delete_booking_success" time="0.253" /><testcase classname="backend.tests.test_publications_bookings.TestBookingsCRUD" name="test_delete_nonexistent_booking_returns_404" time="0.109" /><testcase classname="backend.tests.test_publications_bookings.TestBookedSlots" name="test_booked_slots_excludes_cancelled" time="0.957" /></testsuite></testsuites>